29-Dec-2022 22:35:19.471 INFO [main] org.apache.catalina.startup.VersionLoggerListener.log Server version name:   Apache Tomcat/9.0.31
29-Dec-2022 22:35:19.474 INFO [main] org.apache.catalina.startup.VersionLoggerListener.log Server built:          Feb 5 2020 19:32:12 UTC
29-Dec-2022 22:35:19.474 INFO [main] org.apache.catalina.startup.VersionLoggerListener.log Server version number: 9.0.31.0
29-Dec-2022 22:35:19.474 INFO [main] org.apache.catalina.startup.VersionLoggerListener.log OS Name:               Mac OS X
29-Dec-2022 22:35:19.474 INFO [main] org.apache.catalina.startup.VersionLoggerListener.log OS Version:            13.0
29-Dec-2022 22:35:19.474 INFO [main] org.apache.catalina.startup.VersionLoggerListener.log Architecture:          aarch64
29-Dec-2022 22:35:19.474 INFO [main] org.apache.catalina.startup.VersionLoggerListener.log Java Home:             /Library/Java/JavaVirtualMachines/jdk-18.0.2.1.jdk/Contents/Home
29-Dec-2022 22:35:19.474 INFO [main] org.apache.catalina.startup.VersionLoggerListener.log JVM Version:           18.0.2.1+1-1
29-Dec-2022 22:35:19.474 INFO [main] org.apache.catalina.startup.VersionLoggerListener.log JVM Vendor:            Oracle Corporation
29-Dec-2022 22:35:19.474 INFO [main] org.apache.catalina.startup.VersionLoggerListener.log CATALINA_BASE:         /Users/sanjeev/Official/Java Development/MayCome
29-Dec-2022 22:35:19.474 INFO [main] org.apache.catalina.startup.VersionLoggerListener.log CATALINA_HOME:         /Users/sanjeev/Official/Java Development/MayCome
29-Dec-2022 22:35:19.518 INFO [main] org.apache.catalina.startup.VersionLoggerListener.log Command line argument: --add-opens=java.base/java.lang=ALL-UNNAMED
29-Dec-2022 22:35:19.518 INFO [main] org.apache.catalina.startup.VersionLoggerListener.log Command line argument: --add-opens=java.base/java.io=ALL-UNNAMED
29-Dec-2022 22:35:19.518 INFO [main] org.apache.catalina.startup.VersionLoggerListener.log Command line argument: --add-opens=java.rmi/sun.rmi.transport=ALL-UNNAMED
29-Dec-2022 22:35:19.518 INFO [main] org.apache.catalina.startup.VersionLoggerListener.log Command line argument: -Djava.util.logging.config.file=/Users/sanjeev/Official/Java Development/MayCome/conf/logging.properties
29-Dec-2022 22:35:19.519 INFO [main] org.apache.catalina.startup.VersionLoggerListener.log Command line argument: -Djava.util.logging.manager=org.apache.juli.ClassLoaderLogManager
29-Dec-2022 22:35:19.519 INFO [main] org.apache.catalina.startup.VersionLoggerListener.log Command line argument: -Xms512M
29-Dec-2022 22:35:19.519 INFO [main] org.apache.catalina.startup.VersionLoggerListener.log Command line argument: -Xmx1024M
29-Dec-2022 22:35:19.519 INFO [main] org.apache.catalina.startup.VersionLoggerListener.log Command line argument: -Djdk.tls.ephemeralDHKeySize=2048
29-Dec-2022 22:35:19.519 INFO [main] org.apache.catalina.startup.VersionLoggerListener.log Command line argument: -Djava.protocol.handler.pkgs=org.apache.catalina.webresources
29-Dec-2022 22:35:19.519 INFO [main] org.apache.catalina.startup.VersionLoggerListener.log Command line argument: -Dorg.apache.catalina.security.SecurityListener.UMASK=0027
29-Dec-2022 22:35:19.519 INFO [main] org.apache.catalina.startup.VersionLoggerListener.log Command line argument: -Xms16m
29-Dec-2022 22:35:19.519 INFO [main] org.apache.catalina.startup.VersionLoggerListener.log Command line argument: -Xmx4g
29-Dec-2022 22:35:19.519 INFO [main] org.apache.catalina.startup.VersionLoggerListener.log Command line argument: -Dignore.endorsed.dirs=
29-Dec-2022 22:35:19.519 INFO [main] org.apache.catalina.startup.VersionLoggerListener.log Command line argument: -Dcatalina.base=/Users/sanjeev/Official/Java Development/MayCome
29-Dec-2022 22:35:19.519 INFO [main] org.apache.catalina.startup.VersionLoggerListener.log Command line argument: -Dcatalina.home=/Users/sanjeev/Official/Java Development/MayCome
29-Dec-2022 22:35:19.519 INFO [main] org.apache.catalina.startup.VersionLoggerListener.log Command line argument: -Djava.io.tmpdir=/Users/sanjeev/Official/Java Development/MayCome/temp
29-Dec-2022 22:35:19.519 INFO [main] org.apache.catalina.core.AprLifecycleListener.lifecycleEvent The APR based Apache Tomcat Native library which allows optimal performance in production environments was not found on the java.library.path: [/Users/sanjeev/Library/Java/Extensions:/Library/Java/Extensions:/Network/Library/Java/Extensions:/System/Library/Java/Extensions:/usr/lib/java:.]
29-Dec-2022 22:35:19.687 INFO [main] org.apache.coyote.AbstractProtocol.init Initializing ProtocolHandler ["http-nio-8080"]
29-Dec-2022 22:35:19.737 INFO [main] org.apache.catalina.startup.Catalina.load Server initialization in [399] milliseconds
29-Dec-2022 22:35:19.767 INFO [main] org.apache.catalina.core.StandardService.startInternal Starting service [Catalina]
29-Dec-2022 22:35:19.768 INFO [main] org.apache.catalina.core.StandardEngine.startInternal Starting Servlet engine: [Apache Tomcat/9.0.31]
29-Dec-2022 22:35:19.781 INFO [main] org.apache.catalina.startup.HostConfig.deployWAR Deploying web application archive [/Users/sanjeev/Official/Java Development/MayCome/webapps/CCyes.war]
29-Dec-2022 22:35:20.569 INFO [main] org.apache.jasper.servlet.TldScanner.scanJars At least one JAR was scanned for TLDs yet contained no TLDs. Enable debug logging for this logger for a complete list of JARs that were scanned but no TLDs were found in them. Skipping unneeded JARs during scanning can improve startup time and JSP compilation time.
29-Dec-2022 22:35:20.610 INFO [main] org.springframework.web.servlet.FrameworkServlet.initServletBean Initializing Servlet 'dispatcher'
29-Dec-2022 22:35:21.331 INFO [main] org.springframework.web.servlet.FrameworkServlet.initServletBean Completed initialization in 721 ms
29-Dec-2022 22:35:21.336 INFO [main] org.apache.catalina.startup.HostConfig.deployWAR Deployment of web application archive [/Users/sanjeev/Official/Java Development/MayCome/webapps/CCyes.war] has finished in [1,555] ms
29-Dec-2022 22:35:21.337 INFO [main] org.apache.catalina.startup.HostConfig.deployDirectory Deploying web application directory [/Users/sanjeev/Official/Java Development/MayCome/webapps/docs]
29-Dec-2022 22:35:21.350 INFO [main] org.apache.catalina.startup.HostConfig.deployDirectory Deployment of web application directory [/Users/sanjeev/Official/Java Development/MayCome/webapps/docs] has finished in [13] ms
29-Dec-2022 22:35:21.350 INFO [main] org.apache.catalina.startup.HostConfig.deployDirectory Deploying web application directory [/Users/sanjeev/Official/Java Development/MayCome/webapps/manager]
29-Dec-2022 22:35:21.370 INFO [main] org.apache.catalina.startup.HostConfig.deployDirectory Deployment of web application directory [/Users/sanjeev/Official/Java Development/MayCome/webapps/manager] has finished in [20] ms
29-Dec-2022 22:35:21.370 INFO [main] org.apache.catalina.startup.HostConfig.deployDirectory Deploying web application directory [/Users/sanjeev/Official/Java Development/MayCome/webapps/examples]
29-Dec-2022 22:35:21.492 INFO [main] org.apache.catalina.startup.HostConfig.deployDirectory Deployment of web application directory [/Users/sanjeev/Official/Java Development/MayCome/webapps/examples] has finished in [122] ms
29-Dec-2022 22:35:21.492 INFO [main] org.apache.catalina.startup.HostConfig.deployDirectory Deploying web application directory [/Users/sanjeev/Official/Java Development/MayCome/webapps/ROOT]
29-Dec-2022 22:35:21.508 INFO [main] org.apache.catalina.startup.HostConfig.deployDirectory Deployment of web application directory [/Users/sanjeev/Official/Java Development/MayCome/webapps/ROOT] has finished in [15] ms
29-Dec-2022 22:35:21.508 INFO [main] org.apache.catalina.startup.HostConfig.deployDirectory Deploying web application directory [/Users/sanjeev/Official/Java Development/MayCome/webapps/host-manager]
29-Dec-2022 22:35:21.519 INFO [main] org.apache.catalina.startup.HostConfig.deployDirectory Deployment of web application directory [/Users/sanjeev/Official/Java Development/MayCome/webapps/host-manager] has finished in [11] ms
29-Dec-2022 22:35:21.520 INFO [main] org.apache.coyote.AbstractProtocol.start Starting ProtocolHandler ["http-nio-8080"]
29-Dec-2022 22:35:21.523 INFO [main] org.apache.catalina.startup.Catalina.start Server startup in [1,784] milliseconds
